Using pre-set license
Built from '6000.0/staging' branch; Version is '6000.0.26f1 (ccb7c73d2c02) revision 13416391'; Using compiler version '193933523'; Build Type 'Release'
OS: 'Windows 11  (10.0.22631) 64bit Core' Language: 'en' Physical Memory: 32607 MB
BatchMode: 1, IsHumanControllingUs: 0, StartBugReporterOnCrash: 0, Is64bit: 1, IsPro: 1

COMMAND LINE ARGUMENTS:
C:\Program Files\Unity\Hub\Editor\6000.0.26f1\Editor\Unity.exe
-adb2
-batchMode
-noUpm
-name
AssetImportWorker1
-projectPath
C:/Users/richa/Developer/Unity/Press the Button
-logFile
Logs/AssetImportWorker1.log
-srvPort
54066
-job-worker-count
7
-background-job-worker-count
8
-asset-garbage-collectors
1
Successfully changed project path to: C:/Users/richa/Developer/Unity/Press the Button
C:/Users/richa/Developer/Unity/Press the Button
[UnityMemory] Configuration Parameters - Can be set up in boot.config
    "memorysetup-bucket-allocator-granularity=16"
    "memorysetup-bucket-allocator-bucket-count=8"
    "memorysetup-bucket-allocator-block-size=33554432"
    "memorysetup-bucket-allocator-block-count=8"
    "memorysetup-main-allocator-block-size=16777216"
    "memorysetup-thread-allocator-block-size=16777216"
    "memorysetup-gfx-main-allocator-block-size=16777216"
    "memorysetup-gfx-thread-allocator-block-size=16777216"
    "memorysetup-cache-allocator-block-size=4194304"
    "memorysetup-typetree-allocator-block-size=2097152"
    "memorysetup-profiler-bucket-allocator-granularity=16"
    "memorysetup-profiler-bucket-allocator-bucket-count=8"
    "memorysetup-profiler-bucket-allocator-block-size=33554432"
    "memorysetup-profiler-bucket-allocator-block-count=8"
    "memorysetup-profiler-allocator-block-size=16777216"
    "memorysetup-profiler-editor-allocator-block-size=1048576"
    "memorysetup-temp-allocator-size-main=16777216"
    "memorysetup-job-temp-allocator-block-size=2097152"
    "memorysetup-job-temp-allocator-block-size-background=1048576"
    "memorysetup-job-temp-allocator-reduction-small-platforms=262144"
    "memorysetup-allocator-temp-initial-block-size-main=262144"
    "memorysetup-allocator-temp-initial-block-size-worker=262144"
    "memorysetup-temp-allocator-size-background-worker=32768"
    "memorysetup-temp-allocator-size-job-worker=262144"
    "memorysetup-temp-allocator-size-preload-manager=33554432"
    "memorysetup-temp-allocator-size-nav-mesh-worker=65536"
    "memorysetup-temp-allocator-size-audio-worker=65536"
    "memorysetup-temp-allocator-size-cloud-worker=32768"
    "memorysetup-temp-allocator-size-gi-baking-worker=262144"
    "memorysetup-temp-allocator-size-gi-baking-worker=262144"
    "memorysetup-temp-allocator-size-gi-baking-worker=262144"
    "memorysetup-temp-allocator-size-gi-baking-worker=262144"
    "memorysetup-temp-allocator-size-gi-baking-worker=262144"
    "memorysetup-temp-allocator-size-gfx=262144"
Player connection [32120]  Target information:

Player connection [32120]  * "[IP] 192.168.1.159 [Port] 0 [Flags] 2 [Guid] 1007735139 [EditorId] 1007735139 [Version] 1048832 [Id] WindowsEditor(7,StratosAqua) [Debug] 1 [PackageName] WindowsEditor [ProjectName] Editor" 

Player connection [32120] Host joined multi-casting on [225.0.0.222:54997]...
Player connection [32120] Host joined alternative multi-casting on [225.0.0.222:34997]...
JobSystem: Creating JobQueue using job-worker-count value 7
[Physics::Module] Initialized fallback backend.
[Physics::Module] Id: 0xdecafbad
Library Redirect Path: Library/
[Physics::Module] Selected backend.
[Physics::Module] Name: PhysX
[Physics::Module] Id: 0xf2b8ea05
[Physics::Module] SDK Version: 4.1.2
[Physics::Module] Integration Version: 1.0.0
[Physics::Module] Threading Mode: Multi-Threaded
Refreshing native plugins compatible for Editor in 2.38 ms, found 4 plugins.
Preloading 0 native plugins for Editor in 0.00 ms.
Initialize engine version: 6000.0.26f1 (ccb7c73d2c02)
[Subsystems] Discovering subsystems at path C:/Program Files/Unity/Hub/Editor/6000.0.26f1/Editor/Data/Resources/UnitySubsystems
[Subsystems] Discovering subsystems at path C:/Users/richa/Developer/Unity/Press the Button/Assets
GfxDevice: creating device client; kGfxThreadingModeNonThreaded
Direct3D:
    Version:  Direct3D 11.0 [level 11.1]
    Renderer: NVIDIA GeForce RTX 4070 (ID=0x2786)
    Vendor:   NVIDIA
    VRAM:     12012 MB
    Driver:   32.0.15.6590
Initialize mono
Mono path[0] = 'C:/Program Files/Unity/Hub/Editor/6000.0.26f1/Editor/Data/Managed'
Mono path[1] = 'C:/Program Files/Unity/Hub/Editor/6000.0.26f1/Editor/Data/MonoBleedingEdge/lib/mono/unityjit-win32'
Mono config path = 'C:/Program Files/Unity/Hub/Editor/6000.0.26f1/Editor/Data/MonoBleedingEdge/etc'
Using monoOptions --debugger-agent=transport=dt_socket,embedding=1,server=y,suspend=n,address=127.0.0.1:56368
Begin MonoManager ReloadAssembly
Registering precompiled unity dll's ...
Register platform support module: C:/Program Files/Unity/Hub/Editor/6000.0.26f1/Editor/Data/PlaybackEngines/WebGLSupport/UnityEditor.WebGL.Extensions.dll
Register platform support module: C:/Program Files/Unity/Hub/Editor/6000.0.26f1/Editor/Data/PlaybackEngines/WindowsStandaloneSupport/UnityEditor.WindowsStandalone.Extensions.dll
Registered in 0.004537 seconds.
- Loaded All Assemblies, in  0.478 seconds
Native extension for WindowsStandalone target not found
Native extension for WebGL target not found
Mono: successfully reloaded assembly
- Finished resetting the current domain, in  0.486 seconds
Domain Reload Profiling: 961ms
	BeginReloadAssembly (146ms)
		ExecutionOrderSort (0ms)
		DisableScriptedObjects (0ms)
		BackupInstance (0ms)
		ReleaseScriptingObjects (0ms)
		CreateAndSetChildDomain (1ms)
	RebuildCommonClasses (44ms)
	RebuildNativeTypeToScriptingClass (17ms)
	initialDomainReloadingComplete (59ms)
	LoadAllAssembliesAndSetupDomain (209ms)
		LoadAssemblies (144ms)
		RebuildTransferFunctionScriptingTraits (0ms)
		AnalyzeDomain (204ms)
			TypeCache.Refresh (203ms)
				TypeCache.ScanAssembly (187ms)
			BuildScriptInfoCaches (0ms)
			ResolveRequiredComponents (0ms)
	FinalizeReload (486ms)
		ReleaseScriptCaches (0ms)
		RebuildScriptCaches (0ms)
		SetupLoadedEditorAssemblies (432ms)
			LogAssemblyErrors (0ms)
			InitializePlatformSupportModulesInManaged (35ms)
			SetLoadedEditorAssemblies (5ms)
			BeforeProcessingInitializeOnLoad (7ms)
			ProcessInitializeOnLoadAttributes (279ms)
			ProcessInitializeOnLoadMethodAttributes (102ms)
			AfterProcessingInitializeOnLoad (4ms)
			EditorAssembliesLoaded (0ms)
		ExecutionOrderSort2 (0ms)
		AwakeInstancesAfterBackupRestoration (0ms)
========================================================================
Worker process is ready to serve import requests
Import Worker Mode flag is 0x00
Begin MonoManager ReloadAssembly
- Loaded All Assemblies, in  1.168 seconds
Refreshing native plugins compatible for Editor in 1.42 ms, found 4 plugins.
Native extension for WindowsStandalone target not found
Native extension for WebGL target not found
Mono: successfully reloaded assembly
- Finished resetting the current domain, in  1.186 seconds
Domain Reload Profiling: 2349ms
	BeginReloadAssembly (450ms)
		ExecutionOrderSort (0ms)
		DisableScriptedObjects (9ms)
		BackupInstance (0ms)
		ReleaseScriptingObjects (0ms)
		CreateAndSetChildDomain (36ms)
	RebuildCommonClasses (42ms)
	RebuildNativeTypeToScriptingClass (12ms)
	initialDomainReloadingComplete (43ms)
	LoadAllAssembliesAndSetupDomain (615ms)
		LoadAssemblies (408ms)
		RebuildTransferFunctionScriptingTraits (0ms)
		AnalyzeDomain (316ms)
			TypeCache.Refresh (206ms)
				TypeCache.ScanAssembly (190ms)
			BuildScriptInfoCaches (95ms)
			ResolveRequiredComponents (11ms)
	FinalizeReload (1187ms)
		ReleaseScriptCaches (0ms)
		RebuildScriptCaches (0ms)
		SetupLoadedEditorAssemblies (861ms)
			LogAssemblyErrors (0ms)
			InitializePlatformSupportModulesInManaged (4ms)
			SetLoadedEditorAssemblies (5ms)
			BeforeProcessingInitializeOnLoad (103ms)
			ProcessInitializeOnLoadAttributes (611ms)
			ProcessInitializeOnLoadMethodAttributes (125ms)
			AfterProcessingInitializeOnLoad (12ms)
			EditorAssembliesLoaded (0ms)
		ExecutionOrderSort2 (0ms)
		AwakeInstancesAfterBackupRestoration (6ms)
Launched and connected shader compiler UnityShaderCompiler.exe after 0.02 seconds
Refreshing native plugins compatible for Editor in 2.15 ms, found 4 plugins.
Preloading 0 native plugins for Editor in 0.00 ms.
Unloading 220 Unused Serialized files (Serialized files now loaded: 0)
Unloading 6517 unused Assets / (4.3 MB). Loaded Objects now: 7309.
Memory consumption went from 207.9 MB to 203.6 MB.
Total: 11.556800 ms (FindLiveObjects: 0.695800 ms CreateObjectMapping: 0.913500 ms MarkObjects: 7.427300 ms  DeleteObjects: 2.518500 ms)

========================================================================
Received Import Request.
  Time since last request: 770890.759871 seconds.
  path: Assets/Art/Icons/Playstation/PlaystationDPadRight.png
  artifactKey: Guid(0f77a71dc1b9a524ea630bd7529d56fe) Importer(815301076,1909f56bfc062723c751e8b465ee728b)
Start importing Assets/Art/Icons/Playstation/PlaystationDPadRight.png using Guid(0f77a71dc1b9a524ea630bd7529d56fe) Importer(815301076,1909f56bfc062723c751e8b465ee728b) (PreviewImporter) -> (artifact id: 'ebd89e314edced77fa4666b5a98f18b2') in 0.1228639 seconds
Number of updated asset objects reloaded before import = 0Number of asset objects unloaded after import = 3

========================================================================
Received Import Request.
  Time since last request: 0.000028 seconds.
  path: Assets/Art/Icons/Playstation/PlaystationR1.png
  artifactKey: Guid(854aa8738f43f3b47916699631254547) Importer(815301076,1909f56bfc062723c751e8b465ee728b)
Start importing Assets/Art/Icons/Playstation/PlaystationR1.png using Guid(854aa8738f43f3b47916699631254547) Importer(815301076,1909f56bfc062723c751e8b465ee728b) (PreviewImporter) -> (artifact id: 'efd4e4641b6df73be176cf6a2e6b29e5') in 0.0210265 seconds
Number of updated asset objects reloaded before import = 0Number of asset objects unloaded after import = 3

========================================================================
Received Import Request.
  Time since last request: 0.000019 seconds.
  path: Assets/Art/Icons/Playstation/PlaystationDPadUp.png
  artifactKey: Guid(81b01ddb5b434ba4aaf6ab025eb204e3) Importer(815301076,1909f56bfc062723c751e8b465ee728b)
Start importing Assets/Art/Icons/Playstation/PlaystationDPadUp.png using Guid(81b01ddb5b434ba4aaf6ab025eb204e3) Importer(815301076,1909f56bfc062723c751e8b465ee728b) (PreviewImporter) -> (artifact id: 'cd22ea2749f0a067ab528e1d57eb5aef') in 0.0151583 seconds
Number of updated asset objects reloaded before import = 0Number of asset objects unloaded after import = 3

========================================================================
Received Import Request.
  Time since last request: 191.188909 seconds.
  path: Assets/Art/Icons/Generic/GenericB.png
  artifactKey: Guid(efed027a71987bb439fd0d1da4158ef7) Importer(815301076,1909f56bfc062723c751e8b465ee728b)
Start importing Assets/Art/Icons/Generic/GenericB.png using Guid(efed027a71987bb439fd0d1da4158ef7) Importer(815301076,1909f56bfc062723c751e8b465ee728b) (PreviewImporter) -> (artifact id: '244e5283ee854df586c237e423f9e3f4') in 0.0178489 seconds
Number of updated asset objects reloaded before import = 0Number of asset objects unloaded after import = 3

========================================================================
Received Import Request.
  Time since last request: 0.000018 seconds.
  path: Assets/Art/Icons/Generic/GenericSelect.png
  artifactKey: Guid(a9a4af207e79b554c87aaceaa061490c) Importer(815301076,1909f56bfc062723c751e8b465ee728b)
Start importing Assets/Art/Icons/Generic/GenericSelect.png using Guid(a9a4af207e79b554c87aaceaa061490c) Importer(815301076,1909f56bfc062723c751e8b465ee728b) (PreviewImporter) -> (artifact id: '74d3de5557dd80fac8a73594e3dea591') in 0.0224914 seconds
Number of updated asset objects reloaded before import = 0Number of asset objects unloaded after import = 3

========================================================================
Received Import Request.
  Time since last request: 0.000021 seconds.
  path: Assets/Art/Icons/Generic/GenericR3.png
  artifactKey: Guid(c300b3aa83746e24e92e5b2c3360d4ac) Importer(815301076,1909f56bfc062723c751e8b465ee728b)
Start importing Assets/Art/Icons/Generic/GenericR3.png using Guid(c300b3aa83746e24e92e5b2c3360d4ac) Importer(815301076,1909f56bfc062723c751e8b465ee728b) (PreviewImporter) -> (artifact id: '815e38b49a6ee0c1325437a3f1fe8c3e') in 0.031341 seconds
Number of updated asset objects reloaded before import = 0Number of asset objects unloaded after import = 3

========================================================================
Received Import Request.
  Time since last request: 0.000030 seconds.
  path: Assets/Art/Icons/Generic/GenericRT.png
  artifactKey: Guid(8a0514a00dea2d141a13757179ac70b7) Importer(815301076,1909f56bfc062723c751e8b465ee728b)
Start importing Assets/Art/Icons/Generic/GenericRT.png using Guid(8a0514a00dea2d141a13757179ac70b7) Importer(815301076,1909f56bfc062723c751e8b465ee728b) (PreviewImporter) -> (artifact id: 'cf2dee0cde505ee758a0d16a685deab5') in 0.0226505 seconds
Number of updated asset objects reloaded before import = 0Number of asset objects unloaded after import = 3

========================================================================
Received Import Request.
  Time since last request: 0.000018 seconds.
  path: Assets/Art/Icons/Generic/GenericDPadUp.png
  artifactKey: Guid(410ca6c387003774891d37532b7a5dd7) Importer(815301076,1909f56bfc062723c751e8b465ee728b)
Start importing Assets/Art/Icons/Generic/GenericDPadUp.png using Guid(410ca6c387003774891d37532b7a5dd7) Importer(815301076,1909f56bfc062723c751e8b465ee728b) (PreviewImporter) -> (artifact id: '36d729140683240b0462a7c3f694054d') in 0.020154 seconds
Number of updated asset objects reloaded before import = 0Number of asset objects unloaded after import = 3

========================================================================
Received Import Request.
  Time since last request: 0.000022 seconds.
  path: Assets/Art/Icons/Generic/GenericY.png
  artifactKey: Guid(10d01e654c09e2941b1af7f467f325a3) Importer(815301076,1909f56bfc062723c751e8b465ee728b)
Start importing Assets/Art/Icons/Generic/GenericY.png using Guid(10d01e654c09e2941b1af7f467f325a3) Importer(815301076,1909f56bfc062723c751e8b465ee728b) (PreviewImporter) -> (artifact id: 'f41428720f92a55447ea7e93aaf542a9') in 0.0159183 seconds
Number of updated asset objects reloaded before import = 0Number of asset objects unloaded after import = 3

========================================================================
Received Import Request.
  Time since last request: 0.000015 seconds.
  path: Assets/Art/Icons/Generic/GenericRB.png
  artifactKey: Guid(2dffe15d52951804c8c17e09672227b4) Importer(815301076,1909f56bfc062723c751e8b465ee728b)
Start importing Assets/Art/Icons/Generic/GenericRB.png using Guid(2dffe15d52951804c8c17e09672227b4) Importer(815301076,1909f56bfc062723c751e8b465ee728b) (PreviewImporter) -> (artifact id: '3221bf3ade18d8e52e4ddf656ba5a04b') in 0.0170805 seconds
Number of updated asset objects reloaded before import = 0Number of asset objects unloaded after import = 3

========================================================================
Received Import Request.
  Time since last request: 0.000014 seconds.
  path: Assets/Art/Icons/Generic/GenericLT.png
  artifactKey: Guid(9ae3602596295ca4d896438bad1d6638) Importer(815301076,1909f56bfc062723c751e8b465ee728b)
Start importing Assets/Art/Icons/Generic/GenericLT.png using Guid(9ae3602596295ca4d896438bad1d6638) Importer(815301076,1909f56bfc062723c751e8b465ee728b) (PreviewImporter) -> (artifact id: '3efcd07419ff1d60680f156a2b4cfb1e') in 0.0138543 seconds
Number of updated asset objects reloaded before import = 0Number of asset objects unloaded after import = 3

========================================================================
Received Import Request.
  Time since last request: 23.438920 seconds.
  path: Assets/Art/Icons/Generic/GenericB.png
  artifactKey: Guid(efed027a71987bb439fd0d1da4158ef7) Importer(815301076,1909f56bfc062723c751e8b465ee728b)
Start importing Assets/Art/Icons/Generic/GenericB.png using Guid(efed027a71987bb439fd0d1da4158ef7) Importer(815301076,1909f56bfc062723c751e8b465ee728b) (PreviewImporter) -> (artifact id: '6c13d628cb54188ccaaa834107ae7d38') in 0.0776418 seconds
Number of updated asset objects reloaded before import = 0Number of asset objects unloaded after import = 3

========================================================================
Received Import Request.
  Time since last request: 0.000020 seconds.
  path: Assets/Art/Icons/Generic/GenericR3.png
  artifactKey: Guid(c300b3aa83746e24e92e5b2c3360d4ac) Importer(815301076,1909f56bfc062723c751e8b465ee728b)
Start importing Assets/Art/Icons/Generic/GenericR3.png using Guid(c300b3aa83746e24e92e5b2c3360d4ac) Importer(815301076,1909f56bfc062723c751e8b465ee728b) (PreviewImporter) -> (artifact id: '29a5370d5598536b285d03c4829ac3db') in 0.0707196 seconds
Number of updated asset objects reloaded before import = 0Number of asset objects unloaded after import = 3

========================================================================
Received Import Request.
  Time since last request: 0.000020 seconds.
  path: Assets/Art/Icons/Generic/GenericL3.png
  artifactKey: Guid(eee194458fb99cc4d8a91fd3c04ac666) Importer(815301076,1909f56bfc062723c751e8b465ee728b)
Start importing Assets/Art/Icons/Generic/GenericL3.png using Guid(eee194458fb99cc4d8a91fd3c04ac666) Importer(815301076,1909f56bfc062723c751e8b465ee728b) (PreviewImporter) -> (artifact id: '049abb1905f2909e39d935560d1c6a13') in 0.0160505 seconds
Number of updated asset objects reloaded before import = 0Number of asset objects unloaded after import = 3

========================================================================
Received Import Request.
  Time since last request: 0.000020 seconds.
  path: Assets/Art/Icons/Generic/GenericRB.png
  artifactKey: Guid(2dffe15d52951804c8c17e09672227b4) Importer(815301076,1909f56bfc062723c751e8b465ee728b)
Start importing Assets/Art/Icons/Generic/GenericRB.png using Guid(2dffe15d52951804c8c17e09672227b4) Importer(815301076,1909f56bfc062723c751e8b465ee728b) (PreviewImporter) -> (artifact id: '67f2ac1c929a1b1cbb1958ef5b02dbc7') in 0.014368 seconds
Number of updated asset objects reloaded before import = 0Number of asset objects unloaded after import = 3

========================================================================
Received Import Request.
  Time since last request: 7.948448 seconds.
  path: Assets/Art/Icons/Playstation/PlaystationCross.png
  artifactKey: Guid(47492a0b52977ef41b4bf310527e482e) Importer(815301076,1909f56bfc062723c751e8b465ee728b)
Start importing Assets/Art/Icons/Playstation/PlaystationCross.png using Guid(47492a0b52977ef41b4bf310527e482e) Importer(815301076,1909f56bfc062723c751e8b465ee728b) (PreviewImporter) -> (artifact id: 'bf5fa1fa2103d8ffb5d0847232d5b8d6') in 0.0414772 seconds
Number of updated asset objects reloaded before import = 0Number of asset objects unloaded after import = 3

========================================================================
Received Import Request.
  Time since last request: 0.000020 seconds.
  path: Assets/Art/Icons/Playstation/PlaystationDPadRight.png
  artifactKey: Guid(0f77a71dc1b9a524ea630bd7529d56fe) Importer(815301076,1909f56bfc062723c751e8b465ee728b)
Start importing Assets/Art/Icons/Playstation/PlaystationDPadRight.png using Guid(0f77a71dc1b9a524ea630bd7529d56fe) Importer(815301076,1909f56bfc062723c751e8b465ee728b) (PreviewImporter) -> (artifact id: '1f8a0165a174f9079d574f6663636908') in 0.0340434 seconds
Number of updated asset objects reloaded before import = 0Number of asset objects unloaded after import = 3

========================================================================
Received Import Request.
  Time since last request: 0.000023 seconds.
  path: Assets/Art/Icons/Playstation/PlaystationR3.png
  artifactKey: Guid(9c59f104b9de7bf4ba76510e067bfd42) Importer(815301076,1909f56bfc062723c751e8b465ee728b)
Start importing Assets/Art/Icons/Playstation/PlaystationR3.png using Guid(9c59f104b9de7bf4ba76510e067bfd42) Importer(815301076,1909f56bfc062723c751e8b465ee728b) (PreviewImporter) -> (artifact id: 'fe849113da8c34039edc0e92dd4aa7f3') in 0.0399114 seconds
Number of updated asset objects reloaded before import = 0Number of asset objects unloaded after import = 3

========================================================================
Received Import Request.
  Time since last request: 0.000017 seconds.
  path: Assets/Art/Icons/Playstation/PlaystationL2.png
  artifactKey: Guid(e525c2b20b2c2b743b2b7f29c14e41d3) Importer(815301076,1909f56bfc062723c751e8b465ee728b)
Start importing Assets/Art/Icons/Playstation/PlaystationL2.png using Guid(e525c2b20b2c2b743b2b7f29c14e41d3) Importer(815301076,1909f56bfc062723c751e8b465ee728b) (PreviewImporter) -> (artifact id: '808f25a6e37bbc489694db3f0c7a4435') in 0.0152679 seconds
Number of updated asset objects reloaded before import = 0Number of asset objects unloaded after import = 3

========================================================================
Received Import Request.
  Time since last request: 3.414143 seconds.
  path: Assets/Art/PS4 BUTTONS - Premium Assets/PS4 BUTTONS - Premium Assets/PS4 BUTTONS - Premium Assets/Itch Media - PS4 – 3.png
  artifactKey: Guid(fb8724295c56d6f4ebb9ea8d8e8d9f97) Importer(815301076,1909f56bfc062723c751e8b465ee728b)
Start importing Assets/Art/PS4 BUTTONS - Premium Assets/PS4 BUTTONS - Premium Assets/PS4 BUTTONS - Premium Assets/Itch Media - PS4 – 3.png using Guid(fb8724295c56d6f4ebb9ea8d8e8d9f97) Importer(815301076,1909f56bfc062723c751e8b465ee728b) (PreviewImporter) -> (artifact id: '372e472008b29aaebe6b4457c5a1debe') in 0.0693829 seconds
Number of updated asset objects reloaded before import = 0Number of asset objects unloaded after import = 3

