Using pre-set license
Built from '6000.0/staging' branch; Version is '6000.0.26f1 (ccb7c73d2c02) revision 13416391'; Using compiler version '193933523'; Build Type 'Release'
OS: 'Windows 11  (10.0.22631) 64bit Core' Language: 'en' Physical Memory: 32607 MB
BatchMode: 1, IsHumanControllingUs: 0, StartBugReporterOnCrash: 0, Is64bit: 1, IsPro: 1

COMMAND LINE ARGUMENTS:
C:\Program Files\Unity\Hub\Editor\6000.0.26f1\Editor\Unity.exe
-adb2
-batchMode
-noUpm
-name
AssetImportWorker4
-projectPath
C:/Users/richa/Developer/Unity/Press the Button
-logFile
Logs/AssetImportWorker4.log
-srvPort
54066
-job-worker-count
7
-background-job-worker-count
8
-asset-garbage-collectors
1
Successfully changed project path to: C:/Users/richa/Developer/Unity/Press the Button
C:/Users/richa/Developer/Unity/Press the Button
[UnityMemory] Configuration Parameters - Can be set up in boot.config
    "memorysetup-bucket-allocator-granularity=16"
    "memorysetup-bucket-allocator-bucket-count=8"
    "memorysetup-bucket-allocator-block-size=33554432"
    "memorysetup-bucket-allocator-block-count=8"
    "memorysetup-main-allocator-block-size=16777216"
    "memorysetup-thread-allocator-block-size=16777216"
    "memorysetup-gfx-main-allocator-block-size=16777216"
    "memorysetup-gfx-thread-allocator-block-size=16777216"
    "memorysetup-cache-allocator-block-size=4194304"
    "memorysetup-typetree-allocator-block-size=2097152"
    "memorysetup-profiler-bucket-allocator-granularity=16"
    "memorysetup-profiler-bucket-allocator-bucket-count=8"
    "memorysetup-profiler-bucket-allocator-block-size=33554432"
    "memorysetup-profiler-bucket-allocator-block-count=8"
    "memorysetup-profiler-allocator-block-size=16777216"
    "memorysetup-profiler-editor-allocator-block-size=1048576"
    "memorysetup-temp-allocator-size-main=16777216"
    "memorysetup-job-temp-allocator-block-size=2097152"
    "memorysetup-job-temp-allocator-block-size-background=1048576"
    "memorysetup-job-temp-allocator-reduction-small-platforms=262144"
    "memorysetup-allocator-temp-initial-block-size-main=262144"
    "memorysetup-allocator-temp-initial-block-size-worker=262144"
    "memorysetup-temp-allocator-size-background-worker=32768"
    "memorysetup-temp-allocator-size-job-worker=262144"
    "memorysetup-temp-allocator-size-preload-manager=33554432"
    "memorysetup-temp-allocator-size-nav-mesh-worker=65536"
    "memorysetup-temp-allocator-size-audio-worker=65536"
    "memorysetup-temp-allocator-size-cloud-worker=32768"
    "memorysetup-temp-allocator-size-gi-baking-worker=262144"
    "memorysetup-temp-allocator-size-gi-baking-worker=262144"
    "memorysetup-temp-allocator-size-gi-baking-worker=262144"
    "memorysetup-temp-allocator-size-gi-baking-worker=262144"
    "memorysetup-temp-allocator-size-gi-baking-worker=262144"
    "memorysetup-temp-allocator-size-gfx=262144"
Player connection [54104]  Target information:

Player connection [54104]  * "[IP] 192.168.1.159 [Port] 0 [Flags] 2 [Guid] 3938600344 [EditorId] 3938600344 [Version] 1048832 [Id] WindowsEditor(7,StratosAqua) [Debug] 1 [PackageName] WindowsEditor [ProjectName] Editor" 

Player connection [54104] Host joined multi-casting on [225.0.0.222:54997]...
Player connection [54104] Host joined alternative multi-casting on [225.0.0.222:34997]...
JobSystem: Creating JobQueue using job-worker-count value 7
[Physics::Module] Initialized fallback backend.
[Physics::Module] Id: 0xdecafbad
Library Redirect Path: Library/
[Physics::Module] Selected backend.
[Physics::Module] Name: PhysX
[Physics::Module] Id: 0xf2b8ea05
[Physics::Module] SDK Version: 4.1.2
[Physics::Module] Integration Version: 1.0.0
[Physics::Module] Threading Mode: Multi-Threaded
Refreshing native plugins compatible for Editor in 2.34 ms, found 4 plugins.
Preloading 0 native plugins for Editor in 0.00 ms.
Initialize engine version: 6000.0.26f1 (ccb7c73d2c02)
[Subsystems] Discovering subsystems at path C:/Program Files/Unity/Hub/Editor/6000.0.26f1/Editor/Data/Resources/UnitySubsystems
[Subsystems] Discovering subsystems at path C:/Users/richa/Developer/Unity/Press the Button/Assets
GfxDevice: creating device client; kGfxThreadingModeNonThreaded
Direct3D:
    Version:  Direct3D 11.0 [level 11.1]
    Renderer: NVIDIA GeForce RTX 4070 (ID=0x2786)
    Vendor:   NVIDIA
    VRAM:     12012 MB
    Driver:   32.0.15.6590
Initialize mono
Mono path[0] = 'C:/Program Files/Unity/Hub/Editor/6000.0.26f1/Editor/Data/Managed'
Mono path[1] = 'C:/Program Files/Unity/Hub/Editor/6000.0.26f1/Editor/Data/MonoBleedingEdge/lib/mono/unityjit-win32'
Mono config path = 'C:/Program Files/Unity/Hub/Editor/6000.0.26f1/Editor/Data/MonoBleedingEdge/etc'
Using monoOptions --debugger-agent=transport=dt_socket,embedding=1,server=y,suspend=n,address=127.0.0.1:56620
Begin MonoManager ReloadAssembly
Registering precompiled unity dll's ...
Register platform support module: C:/Program Files/Unity/Hub/Editor/6000.0.26f1/Editor/Data/PlaybackEngines/WebGLSupport/UnityEditor.WebGL.Extensions.dll
Register platform support module: C:/Program Files/Unity/Hub/Editor/6000.0.26f1/Editor/Data/PlaybackEngines/WindowsStandaloneSupport/UnityEditor.WindowsStandalone.Extensions.dll
Registered in 0.003255 seconds.
- Loaded All Assemblies, in  0.375 seconds
Native extension for WindowsStandalone target not found
Native extension for WebGL target not found
Mono: successfully reloaded assembly
- Finished resetting the current domain, in  0.290 seconds
Domain Reload Profiling: 663ms
	BeginReloadAssembly (128ms)
		ExecutionOrderSort (0ms)
		DisableScriptedObjects (0ms)
		BackupInstance (0ms)
		ReleaseScriptingObjects (0ms)
		CreateAndSetChildDomain (1ms)
	RebuildCommonClasses (35ms)
	RebuildNativeTypeToScriptingClass (11ms)
	initialDomainReloadingComplete (49ms)
	LoadAllAssembliesAndSetupDomain (150ms)
		LoadAssemblies (125ms)
		RebuildTransferFunctionScriptingTraits (0ms)
		AnalyzeDomain (147ms)
			TypeCache.Refresh (145ms)
				TypeCache.ScanAssembly (133ms)
			BuildScriptInfoCaches (0ms)
			ResolveRequiredComponents (1ms)
	FinalizeReload (291ms)
		ReleaseScriptCaches (0ms)
		RebuildScriptCaches (0ms)
		SetupLoadedEditorAssemblies (251ms)
			LogAssemblyErrors (0ms)
			InitializePlatformSupportModulesInManaged (24ms)
			SetLoadedEditorAssemblies (4ms)
			BeforeProcessingInitializeOnLoad (7ms)
			ProcessInitializeOnLoadAttributes (166ms)
			ProcessInitializeOnLoadMethodAttributes (48ms)
			AfterProcessingInitializeOnLoad (2ms)
			EditorAssembliesLoaded (0ms)
		ExecutionOrderSort2 (0ms)
		AwakeInstancesAfterBackupRestoration (0ms)
========================================================================
Worker process is ready to serve import requests
Import Worker Mode flag is 0x00
Begin MonoManager ReloadAssembly
- Loaded All Assemblies, in  0.918 seconds
Refreshing native plugins compatible for Editor in 1.23 ms, found 4 plugins.
Native extension for WindowsStandalone target not found
Native extension for WebGL target not found
Mono: successfully reloaded assembly
- Finished resetting the current domain, in  0.807 seconds
Domain Reload Profiling: 1720ms
	BeginReloadAssembly (341ms)
		ExecutionOrderSort (0ms)
		DisableScriptedObjects (5ms)
		BackupInstance (0ms)
		ReleaseScriptingObjects (0ms)
		CreateAndSetChildDomain (25ms)
	RebuildCommonClasses (29ms)
	RebuildNativeTypeToScriptingClass (11ms)
	initialDomainReloadingComplete (34ms)
	LoadAllAssembliesAndSetupDomain (498ms)
		LoadAssemblies (351ms)
		RebuildTransferFunctionScriptingTraits (0ms)
		AnalyzeDomain (244ms)
			TypeCache.Refresh (162ms)
				TypeCache.ScanAssembly (148ms)
			BuildScriptInfoCaches (69ms)
			ResolveRequiredComponents (9ms)
	FinalizeReload (807ms)
		ReleaseScriptCaches (0ms)
		RebuildScriptCaches (0ms)
		SetupLoadedEditorAssemblies (595ms)
			LogAssemblyErrors (0ms)
			InitializePlatformSupportModulesInManaged (4ms)
			SetLoadedEditorAssemblies (4ms)
			BeforeProcessingInitializeOnLoad (62ms)
			ProcessInitializeOnLoadAttributes (429ms)
			ProcessInitializeOnLoadMethodAttributes (89ms)
			AfterProcessingInitializeOnLoad (7ms)
			EditorAssembliesLoaded (1ms)
		ExecutionOrderSort2 (0ms)
		AwakeInstancesAfterBackupRestoration (5ms)
Launched and connected shader compiler UnityShaderCompiler.exe after 0.01 seconds
Refreshing native plugins compatible for Editor in 1.38 ms, found 4 plugins.
Preloading 0 native plugins for Editor in 0.00 ms.
Unloading 220 Unused Serialized files (Serialized files now loaded: 0)
Unloading 6517 unused Assets / (4.9 MB). Loaded Objects now: 7310.
Memory consumption went from 204.0 MB to 199.2 MB.
Total: 8.112500 ms (FindLiveObjects: 0.596200 ms CreateObjectMapping: 0.715600 ms MarkObjects: 4.770900 ms  DeleteObjects: 2.028200 ms)

========================================================================
Received Import Request.
  Time since last request: 771106.038679 seconds.
  path: Assets/Art/Icons/Generic/GenericDPadLeft.png
  artifactKey: Guid(ff180d0c295ee324e8a80d8506977ff4) Importer(815301076,1909f56bfc062723c751e8b465ee728b)
Start importing Assets/Art/Icons/Generic/GenericDPadLeft.png using Guid(ff180d0c295ee324e8a80d8506977ff4) Importer(815301076,1909f56bfc062723c751e8b465ee728b) (PreviewImporter) -> (artifact id: '9339dd9b4e865754b177c2fc1f9dc7d8') in 0.1530919 seconds
Number of updated asset objects reloaded before import = 0Number of asset objects unloaded after import = 3

========================================================================
Received Import Request.
  Time since last request: 0.000022 seconds.
  path: Assets/Art/Icons/Generic/GenericDPadRight.png
  artifactKey: Guid(957240934e3dac3448aa59bf3dd284ae) Importer(815301076,1909f56bfc062723c751e8b465ee728b)
Start importing Assets/Art/Icons/Generic/GenericDPadRight.png using Guid(957240934e3dac3448aa59bf3dd284ae) Importer(815301076,1909f56bfc062723c751e8b465ee728b) (PreviewImporter) -> (artifact id: '2b2cc3abe1b1f16a1bcb0dacc4b45004') in 0.0464695 seconds
Number of updated asset objects reloaded before import = 0Number of asset objects unloaded after import = 3

========================================================================
Received Import Request.
  Time since last request: 0.000027 seconds.
  path: Assets/Art/Icons/Generic/GenericY.png
  artifactKey: Guid(10d01e654c09e2941b1af7f467f325a3) Importer(815301076,1909f56bfc062723c751e8b465ee728b)
Start importing Assets/Art/Icons/Generic/GenericY.png using Guid(10d01e654c09e2941b1af7f467f325a3) Importer(815301076,1909f56bfc062723c751e8b465ee728b) (PreviewImporter) -> (artifact id: '7745b1f61d6d122bf88b4c097afc03d1') in 0.0150636 seconds
Number of updated asset objects reloaded before import = 0Number of asset objects unloaded after import = 3

========================================================================
Received Import Request.
  Time since last request: 0.000016 seconds.
  path: Assets/Art/Icons/Generic/GenericLT.png
  artifactKey: Guid(9ae3602596295ca4d896438bad1d6638) Importer(815301076,1909f56bfc062723c751e8b465ee728b)
Start importing Assets/Art/Icons/Generic/GenericLT.png using Guid(9ae3602596295ca4d896438bad1d6638) Importer(815301076,1909f56bfc062723c751e8b465ee728b) (PreviewImporter) -> (artifact id: 'f9030d6933334892b9dd3fcae07e5b28') in 0.0150541 seconds
Number of updated asset objects reloaded before import = 0Number of asset objects unloaded after import = 3

========================================================================
Received Import Request.
  Time since last request: 7.903378 seconds.
  path: Assets/Art/Icons/Playstation/PlaystationDPadDown.png
  artifactKey: Guid(6b31cd76711b4274ea17f9055e166702) Importer(815301076,1909f56bfc062723c751e8b465ee728b)
Start importing Assets/Art/Icons/Playstation/PlaystationDPadDown.png using Guid(6b31cd76711b4274ea17f9055e166702) Importer(815301076,1909f56bfc062723c751e8b465ee728b) (PreviewImporter) -> (artifact id: '843eec8ac4d1f20cbc8bf3fe1cb8a53b') in 0.0246155 seconds
Number of updated asset objects reloaded before import = 0Number of asset objects unloaded after import = 3

========================================================================
Received Import Request.
  Time since last request: 0.000021 seconds.
  path: Assets/Art/Icons/Playstation/PlaystationL1.png
  artifactKey: Guid(5680d110584cc0449ba8d63fda32476a) Importer(815301076,1909f56bfc062723c751e8b465ee728b)
Start importing Assets/Art/Icons/Playstation/PlaystationL1.png using Guid(5680d110584cc0449ba8d63fda32476a) Importer(815301076,1909f56bfc062723c751e8b465ee728b) (PreviewImporter) -> (artifact id: 'b47eb7ec63719021bf148a6c36d19e29') in 0.0239639 seconds
Number of updated asset objects reloaded before import = 0Number of asset objects unloaded after import = 3

========================================================================
Received Import Request.
  Time since last request: 0.000016 seconds.
  path: Assets/Art/Icons/Playstation/PlaystationL3.png
  artifactKey: Guid(d3f4fb71273babc4db5596925a0f1f7b) Importer(815301076,1909f56bfc062723c751e8b465ee728b)
Start importing Assets/Art/Icons/Playstation/PlaystationL3.png using Guid(d3f4fb71273babc4db5596925a0f1f7b) Importer(815301076,1909f56bfc062723c751e8b465ee728b) (PreviewImporter) -> (artifact id: '46abe730a0bf7b349892eb85e00979a9') in 0.0342943 seconds
Number of updated asset objects reloaded before import = 0Number of asset objects unloaded after import = 3

========================================================================
Received Import Request.
  Time since last request: 0.000017 seconds.
  path: Assets/Art/Icons/Playstation/PlaystationSquare.png
  artifactKey: Guid(5839311d732fd0f46933cfd8a359a6e1) Importer(815301076,1909f56bfc062723c751e8b465ee728b)
Start importing Assets/Art/Icons/Playstation/PlaystationSquare.png using Guid(5839311d732fd0f46933cfd8a359a6e1) Importer(815301076,1909f56bfc062723c751e8b465ee728b) (PreviewImporter) -> (artifact id: 'f0277426969d4ed55ffe023544648fcd') in 0.0221093 seconds
Number of updated asset objects reloaded before import = 0Number of asset objects unloaded after import = 3

========================================================================
Received Import Request.
  Time since last request: 0.000022 seconds.
  path: Assets/Art/Icons/Playstation/PlaystationDPadUp.png
  artifactKey: Guid(81b01ddb5b434ba4aaf6ab025eb204e3) Importer(815301076,1909f56bfc062723c751e8b465ee728b)
Start importing Assets/Art/Icons/Playstation/PlaystationDPadUp.png using Guid(81b01ddb5b434ba4aaf6ab025eb204e3) Importer(815301076,1909f56bfc062723c751e8b465ee728b) (PreviewImporter) -> (artifact id: '496660707722f98a989f145c47af48cb') in 0.0133398 seconds
Number of updated asset objects reloaded before import = 0Number of asset objects unloaded after import = 3

========================================================================
Received Import Request.
  Time since last request: 2.870550 seconds.
  path: Assets/Art/PS4 BUTTONS - Premium Assets/PS4 BUTTONS - Premium Assets
  artifactKey: Guid(edb547b83ba74fc418ec25032666e932) Importer(815301076,1909f56bfc062723c751e8b465ee728b)
Start importing Assets/Art/PS4 BUTTONS - Premium Assets/PS4 BUTTONS - Premium Assets using Guid(edb547b83ba74fc418ec25032666e932) Importer(815301076,1909f56bfc062723c751e8b465ee728b) (PreviewImporter) -> (artifact id: '3b6e03ddb9c0c4b5186dd4502dc31669') in 0.0008105 seconds
Number of updated asset objects reloaded before import = 0Number of asset objects unloaded after import = 0

========================================================================
Received Import Request.
  Time since last request: 0.436363 seconds.
  path: Assets/Art/PS4 BUTTONS - Premium Assets/PS4 BUTTONS - Premium Assets/PS4 BUTTONS - Premium Assets
  artifactKey: Guid(45ed1a95d9e910047b13aa60f72cc119) Importer(815301076,1909f56bfc062723c751e8b465ee728b)
Start importing Assets/Art/PS4 BUTTONS - Premium Assets/PS4 BUTTONS - Premium Assets/PS4 BUTTONS - Premium Assets using Guid(45ed1a95d9e910047b13aa60f72cc119) Importer(815301076,1909f56bfc062723c751e8b465ee728b) (PreviewImporter) -> (artifact id: 'a8ff7ce27c59b339c86c6eefceb15f20') in 0.0005492 seconds
Number of updated asset objects reloaded before import = 0Number of asset objects unloaded after import = 0

========================================================================
Received Import Request.
  Time since last request: 0.056801 seconds.
  path: Assets/Art/PS4 BUTTONS - Premium Assets/PS4 BUTTONS - Premium Assets/PS4 BUTTONS - Premium Assets/Itch Cover - PS4 – 1.png
  artifactKey: Guid(08916a4dd8aacfb46a85140571aee655) Importer(815301076,1909f56bfc062723c751e8b465ee728b)
Start importing Assets/Art/PS4 BUTTONS - Premium Assets/PS4 BUTTONS - Premium Assets/PS4 BUTTONS - Premium Assets/Itch Cover - PS4 – 1.png using Guid(08916a4dd8aacfb46a85140571aee655) Importer(815301076,1909f56bfc062723c751e8b465ee728b) (PreviewImporter) -> (artifact id: 'ba05a08985acb690e7859acb31d308b4') in 0.0632663 seconds
Number of updated asset objects reloaded before import = 0Number of asset objects unloaded after import = 3

Editor requested this worker to shutdown with reason: Scaling down because of idle timeout
AssetImportWorker is now disconnected from the server
Process exiting
Exiting without the bug reporter. Application will terminate with return code 0